filepicker/build/intermediates/manifest_merge_blame_file/debug/manifest-merger-blame-debug-report.txt
1<?xml version="1.0" encoding="utf-8"?>
2<manifest xmlns:android="http://schemas.android.com/apk/res/android"
3    package="com.kili.filepicker" >
4
5    <uses-sdk
6        android:minSdkVersion="23"
6-->src/main/AndroidManifest.xml
7        android:targetSdkVersion="31" />
7-->src/main/AndroidManifest.xml
8
9    <uses-permission android:name="android.permission.CAMERA" />
9-->src/main/AndroidManifest.xml:5:5-64
9-->src/main/AndroidManifest.xml:5:22-62
10    <uses-permission android:name="android.permission.WRITE_EXTERNAL_STORAGE" />
10-->src/main/AndroidManifest.xml:6:5-80
10-->src/main/AndroidManifest.xml:6:22-78
11    <uses-permission android:name="android.permission.READ_EXTERNAL_STORAGE" />
11-->src/main/AndroidManifest.xml:7:5-79
11-->src/main/AndroidManifest.xml:7:22-77
12
13    <application android:requestLegacyExternalStorage="true" >
13-->src/main/AndroidManifest.xml:8:5-21:19
13-->src/main/AndroidManifest.xml:9:9-52
14        <activity android:name="com.kili.filepicker.picker.FilePicker" />
14-->src/main/AndroidManifest.xml:11:9-54
14-->src/main/AndroidManifest.xml:11:19-52
15
16        <provider
16-->src/main/AndroidManifest.xml:12:9-20:20
17            android:name="androidx.core.content.FileProvider"
17-->src/main/AndroidManifest.xml:13:13-62
18            android:authorities="${applicationId}.provider"
18-->src/main/AndroidManifest.xml:14:13-60
19            android:exported="false"
19-->src/main/AndroidManifest.xml:15:13-37
20            android:grantUriPermissions="true" >
20-->src/main/AndroidManifest.xml:16:13-47
21            <meta-data
21-->src/main/AndroidManifest.xml:17:13-19:54
22                android:name="android.support.FILE_PROVIDER_PATHS"
22-->src/main/AndroidManifest.xml:18:17-67
23                android:resource="@xml/file_paths" />
23-->src/main/AndroidManifest.xml:19:17-51
24        </provider>
25    </application>
26
27</manifest>